[2026-07-02T11:29:34.082940] PIPELINE FAILURE: clickstream — CSV missing
[2026-07-04T21:50:46.035119] [WARNING] 5 traffic anomaly(s) detected by AI model (0 high-severity)
[2026-07-04T21:50:46.051198] [WARNING] Data is 27.8h old (threshold: 24h)
[2026-07-04T21:53:24.194701] [WARNING] 5 traffic anomaly(s) detected by AI model (0 high-severity)
[2026-07-04T21:53:24.208363] [WARNING] Data is 27.8h old (threshold: 24h)
[2026-07-04T21:53:24.227716] [WARNING] 5 traffic anomaly(s) detected by AI model (0 high-severity)
[2026-07-04T21:53:24.232443] [WARNING] Data is 27.8h old (threshold: 24h)
[2026-07-04T21:57:39.518516] [WARNING] 5 traffic anomaly(s) detected by AI model (0 high-severity)
[2026-07-04T21:57:39.532141] [WARNING] Data is 27.9h old (threshold: 24h)
[2026-07-04T22:01:33.804844] [WARNING] 5 traffic anomaly(s) detected by AI model (0 high-severity)
[2026-07-04T22:01:33.813312] [WARNING] Data is 27.9h old (threshold: 24h)
[2026-07-04T22:02:15.431391] [WARNING] 5 traffic anomaly(s) detected by AI model (0 high-severity)
[2026-07-04T22:02:15.440790] [WARNING] Data is 27.9h old (threshold: 24h)
[2026-07-04T22:02:35.013597] [WARNING] 5 traffic anomaly(s) detected by AI model (0 high-severity)
[2026-07-04T22:03:11.021811] [WARNING] 5 traffic anomaly(s) detected by AI model (0 high-severity)
[2026-07-04T22:03:28.335945] [WARNING] 5 traffic anomaly(s) detected by AI model (0 high-severity)
[2026-07-05T20:23:26.529681] [WARNING] 5 traffic anomaly(s) detected by AI model (0 high-severity)
[2026-07-05T20:23:46.342586] [WARNING] 5 traffic anomaly(s) detected by AI model (0 high-severity)
[2026-07-08T19:03:47.976761] [WARNING] 5 traffic anomaly(s) detected by AI model (0 high-severity)
[2026-07-08T19:03:47.988986] [CRITICAL] Data is 66.7h old (threshold: 24h)
[2026-07-08T19:04:10.857501] [CRITICAL] Data is 66.7h old (threshold: 24h)
[2026-07-08T19:04:10.877427] [WARNING] 5 traffic anomaly(s) detected by AI model (0 high-severity)
[2026-07-08T19:04:10.882553] [CRITICAL] Data is 66.7h old (threshold: 24h)
[2026-07-09T11:48:16.101487] [WARNING] 5 traffic anomaly(s) detected by AI model (0 high-severity)
[2026-07-09T11:48:16.128497] [CRITICAL] Data is 83.4h old (threshold: 24h)
[2026-07-09T11:48:39.721156] [CRITICAL] Data is 83.4h old (threshold: 24h)
[2026-07-09T11:48:39.742473] [WARNING] 5 traffic anomaly(s) detected by AI model (0 high-severity)
[2026-07-09T11:48:39.747323] [CRITICAL] Data is 83.4h old (threshold: 24h)
[2026-07-09T11:49:12.679383] [WARNING] 5 traffic anomaly(s) detected by AI model (0 high-severity)
[2026-07-09T11:49:12.687768] [CRITICAL] Data is 83.4h old (threshold: 24h)
[2026-07-09T11:49:32.590621] [CRITICAL] Data is 83.4h old (threshold: 24h)
[2026-07-09T11:49:32.611052] [WARNING] 5 traffic anomaly(s) detected by AI model (0 high-severity)
[2026-07-09T11:49:32.614914] [CRITICAL] Data is 83.4h old (threshold: 24h)
[2026-07-09T11:50:29.063169] [WARNING] 5 traffic anomaly(s) detected by AI model (0 high-severity)
[2026-07-09T11:50:29.071624] [CRITICAL] Data is 83.4h old (threshold: 24h)
[2026-07-09T11:50:48.555793] [CRITICAL] Data is 83.5h old (threshold: 24h)
[2026-07-09T11:50:48.577412] [WARNING] 5 traffic anomaly(s) detected by AI model (0 high-severity)
[2026-07-09T11:50:48.582613] [CRITICAL] Data is 83.5h old (threshold: 24h)
[2026-07-10T14:48:47.913891] [WARNING] 5 traffic anomaly(s) detected by AI model (0 high-severity)
[2026-07-10T14:48:47.923499] [CRITICAL] Data is 110.4h old (threshold: 24h)
[2026-07-10T14:49:08.980250] [CRITICAL] Data is 110.4h old (threshold: 24h)
[2026-07-10T14:49:08.999138] [WARNING] 5 traffic anomaly(s) detected by AI model (0 high-severity)
[2026-07-10T14:49:09.003184] [CRITICAL] Data is 110.4h old (threshold: 24h)
[2026-07-11T19:58:41.151253] [WARNING] 5 traffic anomaly(s) detected by AI model (0 high-severity)
[2026-07-11T19:58:41.177523] [CRITICAL] Error rate is 13.7% (threshold: 5%)
[2026-07-11T19:59:04.627214] [CRITICAL] Error rate is 13.7% (threshold: 5%)
[2026-07-11T19:59:04.644506] [WARNING] 5 traffic anomaly(s) detected by AI model (0 high-severity)
[2026-07-11T19:59:04.652906] [CRITICAL] Error rate is 13.7% (threshold: 5%)
[2026-07-11T20:23:19.804867] [WARNING] 1 traffic anomaly(s) detected by AI model (0 high-severity)
[2026-07-11T20:23:19.859286] [CRITICAL] Error rate is 14.3% (threshold: 5%)
[2026-07-11T20:23:39.465629] [CRITICAL] Error rate is 14.3% (threshold: 5%)
[2026-07-11T20:23:39.484082] [WARNING] 1 traffic anomaly(s) detected by AI model (0 high-severity)
[2026-07-11T20:23:39.490975] [CRITICAL] Error rate is 14.3% (threshold: 5%)
